<?xml version="1.0" encoding="UTF-8"?>
<!-- Generated by org.testng.reporters.JUnitXMLReporter -->
<testsuite ignored="0" hostname="lin76005087" failures="0" tests="5" name="Default test" time="14.437" errors="0" timestamp="2023-12-28T10:58:31 IST">
  <testcase classname="TestCases.TestRunner" name="verifyAddProduct" time="0.652"/>
  <testcase classname="TestCases.TestRunner" name="verifyCartPage" time="3.766"/>
  <testcase classname="TestCases.TestRunner" name="addingMultipleProduct" time="0.934"/>
  <testcase classname="TestCases.TestRunner" name="placeOrder" time="3.178"/>
  <testcase classname="TestCases.TestRunner" name="resetAppstate" time="0.779"/>
</testsuite> <!-- Default test -->
