<?xml version="1.0" encoding="UTF-8"?>
<testng-results ignored="0" total="5" passed="5" failed="0" skipped="0">
  <reporter-output>
  </reporter-output>
  <suite started-at="2023-12-28T10:58:17 IST" name="Default suite" finished-at="2023-12-28T10:58:31 IST" duration-ms="14437">
    <groups>
    </groups>
    <test started-at="2023-12-28T10:58:17 IST" name="Default test" finished-at="2023-12-28T10:58:31 IST" duration-ms="14437">
      <class name="TestCases.TestRunner">
        <test-method is-config="true" signature="launchBrowser()[pri:0, instance:TestCases.TestRunner@750e2b97]" started-at="2023-12-28T10:58:12 IST" name="launchBrowser" finished-at="2023-12-28T10:58:17 IST" duration-ms="5059" status="PASS">
          <reporter-output>
          </reporter-output>
        </test-method> <!-- launchBrowser -->
        <test-method is-config="true" signature="loginToSite()[pri:0, instance:TestCases.TestRunner@750e2b97]" started-at="2023-12-28T10:58:17 IST" name="loginToSite" finished-at="2023-12-28T10:58:18 IST" duration-ms="1319" status="PASS">
          <reporter-output>
          </reporter-output>
        </test-method> <!-- loginToSite -->
        <test-method signature="verifyAddProduct()[pri:1, instance:TestCases.TestRunner@750e2b97]" started-at="2023-12-28T10:58:18 IST" name="verifyAddProduct" finished-at="2023-12-28T10:58:19 IST" duration-ms="652" status="PASS">
          <reporter-output>
          </reporter-output>
        </test-method> <!-- verifyAddProduct -->
        <test-method is-config="true" signature="logOut()[pri:0, instance:TestCases.TestRunner@750e2b97]" started-at="2023-12-28T10:58:19 IST" name="logOut" finished-at="2023-12-28T10:58:19 IST" duration-ms="340" status="PASS">
          <reporter-output>
          </reporter-output>
        </test-method> <!-- logOut -->
        <test-method is-config="true" signature="loginToSite()[pri:0, instance:TestCases.TestRunner@750e2b97]" started-at="2023-12-28T10:58:19 IST" name="loginToSite" finished-at="2023-12-28T10:58:19 IST" duration-ms="204" status="PASS">
          <reporter-output>
          </reporter-output>
        </test-method> <!-- loginToSite -->
        <test-method signature="verifyCartPage()[pri:2, instance:TestCases.TestRunner@750e2b97]" started-at="2023-12-28T10:58:19 IST" name="verifyCartPage" finished-at="2023-12-28T10:58:23 IST" duration-ms="3766" status="PASS">
          <reporter-output>
          </reporter-output>
        </test-method> <!-- verifyCartPage -->
        <test-method is-config="true" signature="logOut()[pri:0, instance:TestCases.TestRunner@750e2b97]" started-at="2023-12-28T10:58:23 IST" name="logOut" finished-at="2023-12-28T10:58:24 IST" duration-ms="411" status="PASS">
          <reporter-output>
          </reporter-output>
        </test-method> <!-- logOut -->
        <test-method is-config="true" signature="loginToSite()[pri:0, instance:TestCases.TestRunner@750e2b97]" started-at="2023-12-28T10:58:24 IST" name="loginToSite" finished-at="2023-12-28T10:58:24 IST" duration-ms="574" status="PASS">
          <reporter-output>
          </reporter-output>
        </test-method> <!-- loginToSite -->
        <test-method signature="addingMultipleProduct()[pri:3, instance:TestCases.TestRunner@750e2b97]" started-at="2023-12-28T10:58:24 IST" name="addingMultipleProduct" finished-at="2023-12-28T10:58:25 IST" duration-ms="934" status="PASS">
          <reporter-output>
          </reporter-output>
        </test-method> <!-- addingMultipleProduct -->
        <test-method is-config="true" signature="logOut()[pri:0, instance:TestCases.TestRunner@750e2b97]" started-at="2023-12-28T10:58:25 IST" name="logOut" finished-at="2023-12-28T10:58:25 IST" duration-ms="390" status="PASS">
          <reporter-output>
          </reporter-output>
        </test-method> <!-- logOut -->
        <test-method is-config="true" signature="loginToSite()[pri:0, instance:TestCases.TestRunner@750e2b97]" started-at="2023-12-28T10:58:25 IST" name="loginToSite" finished-at="2023-12-28T10:58:26 IST" duration-ms="569" status="PASS">
          <reporter-output>
          </reporter-output>
        </test-method> <!-- loginToSite -->
        <test-method signature="placeOrder()[pri:4, instance:TestCases.TestRunner@750e2b97]" started-at="2023-12-28T10:58:26 IST" name="placeOrder" finished-at="2023-12-28T10:58:29 IST" duration-ms="3178" status="PASS">
          <reporter-output>
          </reporter-output>
        </test-method> <!-- placeOrder -->
        <test-method is-config="true" signature="logOut()[pri:0, instance:TestCases.TestRunner@750e2b97]" started-at="2023-12-28T10:58:29 IST" name="logOut" finished-at="2023-12-28T10:58:30 IST" duration-ms="462" status="PASS">
          <reporter-output>
          </reporter-output>
        </test-method> <!-- logOut -->
        <test-method is-config="true" signature="loginToSite()[pri:0, instance:TestCases.TestRunner@750e2b97]" started-at="2023-12-28T10:58:30 IST" name="loginToSite" finished-at="2023-12-28T10:58:30 IST" duration-ms="334" status="PASS">
          <reporter-output>
          </reporter-output>
        </test-method> <!-- loginToSite -->
        <test-method signature="resetAppstate()[pri:5, instance:TestCases.TestRunner@750e2b97]" started-at="2023-12-28T10:58:30 IST" name="resetAppstate" finished-at="2023-12-28T10:58:31 IST" duration-ms="779" status="PASS">
          <reporter-output>
          </reporter-output>
        </test-method> <!-- resetAppstate -->
        <test-method is-config="true" signature="logOut()[pri:0, instance:TestCases.TestRunner@750e2b97]" started-at="2023-12-28T10:58:31 IST" name="logOut" finished-at="2023-12-28T10:58:31 IST" duration-ms="436" status="PASS">
          <reporter-output>
          </reporter-output>
        </test-method> <!-- logOut -->
        <test-method is-config="true" signature="tearDown()[pri:0, instance:TestCases.TestRunner@750e2b97]" started-at="2023-12-28T10:58:31 IST" name="tearDown" finished-at="2023-12-28T10:58:32 IST" duration-ms="374" status="PASS">
          <reporter-output>
          </reporter-output>
        </test-method> <!-- tearDown -->
      </class> <!-- TestCases.TestRunner -->
    </test> <!-- Default test -->
  </suite> <!-- Default suite -->
</testng-results>
