<?xml version="1.0" encoding="UTF-8"?>
<!-- Generated by org.testng.reporters.JUnitXMLReporter -->
<testsuite ignored="2" hostname="lin76005087" failures="0" tests="5" name="Test" time="14.074" errors="0" timestamp="2023-12-28T10:17:25 IST">
  <testcase classname="TestCases.TestRunner" name="TestCase1" time="0.694"/>
  <testcase classname="TestCases.TestRunner" name="TestCase2" time="3.721"/>
  <testcase classname="TestCases.TestRunner" name="TestCase3" time="0.691"/>
  <testcase classname="TestCases.TestRunner" name="TestCase4" time="2.824"/>
  <testcase classname="TestCases.TestRunner" name="TestCase5" time="1.306"/>
  <testcase classname="TestCases.BaseClass" name="@BeforeSuite launchBrowser" time="0.0">
    <ignored/>
  </testcase> <!-- @BeforeSuite launchBrowser -->
  <testcase classname="TestCases.BaseClass" name="@AfterSuite tearDown" time="0.0">
    <ignored/>
  </testcase> <!-- @AfterSuite tearDown -->
</testsuite> <!-- Test -->
